# JRE version: Java(TM) SE Runtime Environment 18.9 (11.0.19+9) (build 11.0.19+9-LTS-224)
# Java VM: Java HotSpot(TM) 64-Bit Server VM 18.9 (11.0.19+9-LTS-224, mixed mode, tiered, compressed oops, g1 gc, windows-amd64)
Heap:
 garbage-first heap   total 143360K, used 53171K [0x00000000a2200000, 0x0000000100000000)
  region size 1024K, 23 young (23552K), 6 survivors (6144K)
 Metaspace       used 71014K, capacity 73023K, committed 73296K, reserved 1112064K
  class space    used 9017K, capacity 9837K, committed 9904K, reserved 1048576K
GC Heap History (10 events):
Event: 12.403 GC heap before
{Heap before GC invocations=16 (full 0):
 garbage-first heap   total 118784K, used 84288K [0x00000000a2200000, 0x0000000100000000)
  region size 1024K, 60 young (61440K), 8 survivors (8192K)
 Metaspace       used 64088K, capacity 65864K, committed 66000K, reserved 1105920K
  class space    used 8171K, capacity 8902K, committed 9008K, reserved 1048576K
}
Event: 12.416 GC heap after
{Heap after GC invocations=17 (full 0):
 garbage-first heap   total 118784K, used 35210K [0x00000000a2200000, 0x0000000100000000)
  region size 1024K, 6 young (6144K), 6 survivors (6144K)
 Metaspace       used 64088K, capacity 65864K, committed 66000K, reserved 1105920K
  class space    used 8171K, capacity 8902K, committed 9008K, reserved 1048576K
}
Event: 12.728 GC heap before
{Heap before GC invocations=17 (full 0):
 garbage-first heap   total 118784K, used 86410K [0x00000000a2200000, 0x0000000100000000)
  region size 1024K, 56 young (57344K), 6 survivors (6144K)
 Metaspace       used 64235K, capacity 65995K, committed 66256K, reserved 1105920K
  class space    used 8171K, capacity 8902K, committed 9008K, reserved 1048576K
}
Event: 12.736 GC heap after
{Heap after GC invocations=18 (full 0):
 garbage-first heap   total 118784K, used 36784K [0x00000000a2200000, 0x0000000100000000)
  region size 1024K, 7 young (7168K), 7 survivors (7168K)
 Metaspace       used 64235K, capacity 65995K, committed 66256K, reserved 1105920K
  class space    used 8171K, capacity 8902K, committed 9008K, reserved 1048576K
}
Event: 13.140 GC heap before
{Heap before GC invocations=18 (full 0):
 garbage-first heap   total 118784K, used 86960K [0x00000000a2200000, 0x0000000100000000)
  region size 1024K, 56 young (57344K), 7 survivors (7168K)
 Metaspace       used 65199K, capacity 67046K, committed 67408K, reserved 1107968K
  class space    used 8276K, capacity 9012K, committed 9136K, reserved 1048576K
}
Event: 13.147 GC heap after
{Heap after GC invocations=19 (full 0):
 garbage-first heap   total 118784K, used 31978K [0x00000000a2200000, 0x0000000100000000)
  region size 1024K, 3 young (3072K), 3 survivors (3072K)
 Metaspace       used 65199K, capacity 67046K, committed 67408K, reserved 1107968K
  class space    used 8276K, capacity 9012K, committed 9136K, reserved 1048576K
}
Event: 13.789 GC heap before
{Heap before GC invocations=19 (full 0):
 garbage-first heap   total 118784K, used 87274K [0x00000000a2200000, 0x0000000100000000)
  region size 1024K, 57 young (58368K), 3 survivors (3072K)
 Metaspace       used 66828K, capacity 68696K, committed 68944K, reserved 1110016K
  class space    used 8529K, capacity 9304K, committed 9392K, reserved 1048576K
}
Event: 13.798 GC heap after
{Heap after GC invocations=20 (full 0):
 garbage-first heap   total 118784K, used 33832K [0x00000000a2200000, 0x0000000100000000)
  region size 1024K, 5 young (5120K), 5 survivors (5120K)
 Metaspace       used 66828K, capacity 68696K, committed 68944K, reserved 1110016K
  class space    used 8529K, capacity 9304K, committed 9392K, reserved 1048576K
}
Event: 16.268 GC heap before
{Heap before GC invocations=20 (full 0):
 garbage-first heap   total 118784K, used 89128K [0x00000000a2200000, 0x0000000100000000)
  region size 1024K, 59 young (60416K), 5 survivors (5120K)
 Metaspace       used 70353K, capacity 72315K, committed 72400K, reserved 1112064K
  class space    used 8938K, capacity 9751K, committed 9776K, reserved 1048576K
}
Event: 16.281 GC heap after
{Heap after GC invocations=21 (full 0):
 garbage-first heap   total 143360K, used 36787K [0x00000000a2200000, 0x0000000100000000)
  region size 1024K, 6 young (6144K), 6 survivors (6144K)
 Metaspace       used 70353K, capacity 72315K, committed 72400K, reserved 1112064K
  class space    used 8938K, capacity 9751K, committed 9776K, reserved 1048576K
}

